[doccure-html.dreamguystech.com/cosmetics/index.html]
[backblue.gif]
[fade.gif]
[index.html]
[doccure-html.dreamguystech.com/cosmetics/assets/img/favicon.png]
[doccure-html.dreamguystech.com/cosmetics/assets/css/bootstrap.min.css]
[doccure-html.dreamguystech.com/cosmetics/assets/plugins/fontawesome/css/fontawesome.min.css]
[doccure-html.dreamguystech.com/cosmetics/assets/plugins/fontawesome/css/all.min.css]
[doccure-html.dreamguystech.com/cosmetics/assets/css/style.css]
[doccure-html.dreamguystech.com/cosmetics/assets/img/logo.png]
[doccure-html.dreamguystech.com/cosmetics/doctor-dashboard.html]
[doccure-html.dreamguystech.com/cosmetics/appointments.html]
[doccure-html.dreamguystech.com/cosmetics/schedule-timings.html]
[doccure-html.dreamguystech.com/cosmetics/my-patients.html]
[doccure-html.dreamguystech.com/cosmetics/patient-profile.html]
[doccure-html.dreamguystech.com/cosmetics/chat-doctor.html]
[doccure-html.dreamguystech.com/cosmetics/invoices.html]
[doccure-html.dreamguystech.com/cosmetics/doctor-profile-settings.html]
[doccure-html.dreamguystech.com/cosmetics/reviews.html]
[doccure-html.dreamguystech.com/cosmetics/doctor-register.html]
[doccure-html.dreamguystech.com/cosmetics/map-grid.html]
[doccure-html.dreamguystech.com/cosmetics/map-list.html]
[doccure-html.dreamguystech.com/cosmetics/search.html]
[doccure-html.dreamguystech.com/cosmetics/doctor-profile.html]
[doccure-html.dreamguystech.com/cosmetics/booking.html]
[doccure-html.dreamguystech.com/cosmetics/checkout.html]
[doccure-html.dreamguystech.com/cosmetics/booking-success.html]
[doccure-html.dreamguystech.com/cosmetics/patient-dashboard.html]
[doccure-html.dreamguystech.com/cosmetics/favourites.html]
[doccure-html.dreamguystech.com/cosmetics/chat.html]
[doccure-html.dreamguystech.com/cosmetics/profile-settings.html]
[doccure-html.dreamguystech.com/cosmetics/change-password.html]
[doccure-html.dreamguystech.com/cosmetics/voice-call.html]
[doccure-html.dreamguystech.com/cosmetics/video-call.html]
[doccure-html.dreamguystech.com/cosmetics/calendar.html]
[doccure-html.dreamguystech.com/cosmetics/components.html]
[doccure-html.dreamguystech.com/cosmetics/invoice-view.html]
[doccure-html.dreamguystech.com/cosmetics/blank-page.html]
[doccure-html.dreamguystech.com/cosmetics/login.html]
[doccure-html.dreamguystech.com/cosmetics/register.html]
[doccure-html.dreamguystech.com/cosmetics/forgot-password.html]
[doccure-html.dreamguystech.com/cosmetics/blog-list.html]
[doccure-html.dreamguystech.com/cosmetics/blog-grid.html]
[doccure-html.dreamguystech.com/cosmetics/blog-details.html]
[doccure-html.dreamguystech.com/cosmetics/admin/index.html]
[doccure-html.dreamguystech.com/cosmetics/assets/img/specialities/specialities-01.png]
[doccure-html.dreamguystech.com/cosmetics/assets/img/specialities/specialities-02.png]
[doccure-html.dreamguystech.com/cosmetics/assets/img/specialities/specialities-03.png]
[doccure-html.dreamguystech.com/cosmetics/assets/img/specialities/specialities-04.png]
[doccure-html.dreamguystech.com/cosmetics/assets/img/doctors/doctor-01.png]
[doccure-html.dreamguystech.com/cosmetics/assets/img/doctors/doctor-02.png]
[doccure-html.dreamguystech.com/cosmetics/assets/img/doctors/doctor-03.png]
[doccure-html.dreamguystech.com/cosmetics/assets/img/doctors/doctor-04.png]
[doccure-html.dreamguystech.com/cosmetics/assets/img/payment1.jpg]
[doccure-html.dreamguystech.com/cosmetics/assets/img/payment2.jpg]
[doccure-html.dreamguystech.com/cosmetics/assets/img/payment3.jpg]
[doccure-html.dreamguystech.com/cosmetics/assets/img/payment4.jpg]
[doccure-html.dreamguystech.com/cosmetics/blog.html]
[doccure-html.dreamguystech.com/cosmetics/payment.html]
[doccure-html.dreamguystech.com/cosmetics/privacy-policy.html]
[doccure-html.dreamguystech.com/cosmetics/term-condition.html]
[doccure-html.dreamguystech.com/cosmetics/assets/js/jquery.min.js]
[doccure-html.dreamguystech.com/cosmetics/assets/js/popper.min.js]
[doccure-html.dreamguystech.com/cosmetics/assets/js/bootstrap.min.js]
[doccure-html.dreamguystech.com/cosmetics/assets/js/slick.js]
[doccure-html.dreamguystech.com/cosmetics/assets/js/script.js]
[doccure-html.dreamguystech.com/cosmetics/index.html]
[doccure-html.dreamguystech.com/cosmetics/assets/css/bootstrap.min.css]
[doccure-html.dreamguystech.com/cosmetics/assets/plugins/fontawesome/css/fontawesome.min.css]
[doccure-html.dreamguystech.com/cosmetics/assets/plugins/fontawesome/webfonts/fa-brands-400.eot]
[doccure-html.dreamguystech.com/cosmetics/assets/plugins/fontawesome/webfonts/fa-brands-400d41d.eot]
[doccure-html.dreamguystech.com/cosmetics/assets/plugins/fontawesome/webfonts/fa-brands-400.woff]
[doccure-html.dreamguystech.com/cosmetics/assets/plugins/fontawesome/webfonts/fa-brands-400.ttf]
[doccure-html.dreamguystech.com/cosmetics/assets/plugins/fontawesome/webfonts/fa-brands-400.svg]
[doccure-html.dreamguystech.com/cosmetics/assets/plugins/fontawesome/webfonts/fa-regular-400.eot]
[doccure-html.dreamguystech.com/cosmetics/assets/plugins/fontawesome/webfonts/fa-regular-400d41d.eot]
[doccure-html.dreamguystech.com/cosmetics/assets/plugins/fontawesome/webfonts/fa-regular-400.woff]
[doccure-html.dreamguystech.com/cosmetics/assets/plugins/fontawesome/webfonts/fa-regular-400.ttf]
[doccure-html.dreamguystech.com/cosmetics/assets/plugins/fontawesome/webfonts/fa-regular-400.svg]
[doccure-html.dreamguystech.com/cosmetics/assets/plugins/fontawesome/webfonts/fa-solid-900.eot]
[doccure-html.dreamguystech.com/cosmetics/assets/plugins/fontawesome/webfonts/fa-solid-900d41d.eot]
[doccure-html.dreamguystech.com/cosmetics/assets/plugins/fontawesome/webfonts/fa-solid-900.woff]
[doccure-html.dreamguystech.com/cosmetics/assets/plugins/fontawesome/webfonts/fa-solid-900.ttf]
[doccure-html.dreamguystech.com/cosmetics/assets/plugins/fontawesome/css/all.min.css]
[doccure-html.dreamguystech.com/cosmetics/assets/plugins/fontawesome/webfonts/fa-solid-900.svg]
[doccure-html.dreamguystech.com/cosmetics/assets/fonts/MaterialIcons-Regular.eot]
[doccure-html.dreamguystech.com/cosmetics/assets/fonts/MaterialIcons-Regular.woff]
[doccure-html.dreamguystech.com/cosmetics/assets/img/search-bg.png]
[doccure-html.dreamguystech.com/cosmetics/assets/img/location.png]
[doccure-html.dreamguystech.com/cosmetics/assets/img/search.png]
[doccure-html.dreamguystech.com/cosmetics/assets/fonts/MaterialIcons-Regular.ttf]
[doccure-html.dreamguystech.com/cosmetics/assets/img/news-letter.jpg]
[doccure-html.dreamguystech.com/cosmetics/assets/css/style.css]
[doccure-html.dreamguystech.com/cosmetics/assets/img/doctors/doctor-thumb-02.jpg]
[doccure-html.dreamguystech.com/cosmetics/social-media.html]
[doccure-html.dreamguystech.com/cosmetics/doctor-change-password.html]
[doccure-html.dreamguystech.com/cosmetics/assets/img/icon-01.png]
[doccure-html.dreamguystech.com/cosmetics/assets/img/icon-02.png]
[doccure-html.dreamguystech.com/cosmetics/assets/img/icon-03.png]
[doccure-html.dreamguystech.com/cosmetics/assets/img/patients/patient.jpg]
[doccure-html.dreamguystech.com/cosmetics/assets/img/patients/patient1.jpg]
[doccure-html.dreamguystech.com/cosmetics/assets/img/patients/patient2.jpg]
[doccure-html.dreamguystech.com/cosmetics/assets/img/patients/patient3.jpg]
[doccure-html.dreamguystech.com/cosmetics/assets/img/patients/patient4.jpg]
[doccure-html.dreamguystech.com/cosmetics/assets/img/patients/patient5.jpg]
[doccure-html.dreamguystech.com/cosmetics/assets/img/patients/patient6.jpg]
[doccure-html.dreamguystech.com/cosmetics/assets/img/patients/patient7.jpg]
[doccure-html.dreamguystech.com/cosmetics/assets/img/patients/patient8.jpg]
[doccure-html.dreamguystech.com/cosmetics/assets/img/patients/patient9.jpg]
[doccure-html.dreamguystech.com/cosmetics/assets/img/patients/patient10.jpg]
[doccure-html.dreamguystech.com/cosmetics/assets/img/patients/patient11.jpg]
[doccure-html.dreamguystech.com/cosmetics/assets/plugins/theia-sticky-sidebar/ResizeSensor.js]
[doccure-html.dreamguystech.com/cosmetics/assets/plugins/theia-sticky-sidebar/theia-sticky-sidebar.js]
[doccure-html.dreamguystech.com/cosmetics/assets/js/circle-progress.min.js]
[doccure-html.dreamguystech.com/cosmetics/doctor-dashboard.html]
[doccure-html.dreamguystech.com/cosmetics/appointments.html]
[doccure-html.dreamguystech.com/cdn-cgi/scripts/5c5dd728/cloudflare-static/email-decode.min.js]
[doccure-html.dreamguystech.com/cosmetics/assets/plugins/select2/css/select2.min.css]
[doccure-html.dreamguystech.com/cosmetics/assets/plugins/select2/js/select2.min.js]
[doccure-html.dreamguystech.com/cosmetics/schedule-timings.html]
[doccure-html.dreamguystech.com/cosmetics/assets/img/footer-logo.png]
[doccure-html.dreamguystech.com/cosmetics/my-patients.html]
[doccure-html.dreamguystech.com/cosmetics/assets/css/bootstrap-datetimepicker.min.css]
[doccure-html.dreamguystech.com/cosmetics/edit-prescription.html]
[doccure-html.dreamguystech.com/cosmetics/add-prescription.html]
[doccure-html.dreamguystech.com/cosmetics/assets/img/doctors/doctor-thumb-01.jpg]
[doccure-html.dreamguystech.com/cosmetics/assets/img/doctors/doctor-thumb-03.jpg]
[doccure-html.dreamguystech.com/cosmetics/assets/img/doctors/doctor-thumb-04.jpg]
[doccure-html.dreamguystech.com/cosmetics/assets/img/doctors/doctor-thumb-05.jpg]
[doccure-html.dreamguystech.com/cosmetics/assets/img/doctors/doctor-thumb-06.jpg]
[doccure-html.dreamguystech.com/cosmetics/assets/img/doctors/doctor-thumb-07.jpg]
[doccure-html.dreamguystech.com/cosmetics/assets/img/doctors/doctor-thumb-08.jpg]
[doccure-html.dreamguystech.com/cosmetics/assets/img/doctors/doctor-thumb-09.jpg]
[doccure-html.dreamguystech.com/cosmetics/assets/img/doctors/doctor-thumb-10.jpg]
[doccure-html.dreamguystech.com/cosmetics/add-billing.html]
[doccure-html.dreamguystech.com/cosmetics/edit-billing.html]
[doccure-html.dreamguystech.com/cosmetics/assets/js/moment.min.js]
[doccure-html.dreamguystech.com/cosmetics/assets/js/bootstrap-datetimepicker.min.js]
[doccure-html.dreamguystech.com/cosmetics/patient-profile.html]
[doccure-html.dreamguystech.com/cosmetics/assets/img/img-02.jpg]
[doccure-html.dreamguystech.com/cosmetics/assets/img/img-03.jpg]
[doccure-html.dreamguystech.com/cosmetics/assets/img/img-04.jpg]
[doccure-html.dreamguystech.com/cosmetics/chat-doctor.html]
[doccure-html.dreamguystech.com/cosmetics/invoices.html]
[doccure-html.dreamguystech.com/cosmetics/assets/plugins/bootstrap-tagsinput/css/bootstrap-tagsinput.css]
[doccure-html.dreamguystech.com/cosmetics/assets/plugins/dropzone/dropzone.min.css]
[doccure-html.dreamguystech.com/cosmetics/assets/img/features/feature-01.jpg]
[doccure-html.dreamguystech.com/cosmetics/assets/img/features/feature-02.jpg]
[doccure-html.dreamguystech.com/cosmetics/assets/plugins/dropzone/dropzone.min.js]
[doccure-html.dreamguystech.com/cosmetics/assets/plugins/bootstrap-tagsinput/js/bootstrap-tagsinput.js]
[doccure-html.dreamguystech.com/cosmetics/assets/js/profile-settings.js]
[doccure-html.dreamguystech.com/cosmetics/doctor-profile-settings.html]
[doccure-html.dreamguystech.com/cosmetics/reviews.html]
[doccure-html.dreamguystech.com/cosmetics/assets/img/login-banner.png]
[doccure-html.dreamguystech.com/cosmetics/doctor-register.html]
[doccure-html.dreamguystech.com/cosmetics/assets/img/doctors/doctor-01.jpg]
[doccure-html.dreamguystech.com/cosmetics/assets/img/doctors/doctor-02.jpg]
[doccure-html.dreamguystech.com/cosmetics/assets/img/doctors/doctor-03.jpg]
[doccure-html.dreamguystech.com/cosmetics/assets/img/doctors/doctor-04.jpg]
[doccure-html.dreamguystech.com/cosmetics/assets/img/doctors/doctor-05.jpg]
[doccure-html.dreamguystech.com/cosmetics/assets/img/doctors/doctor-06.jpg]
[doccure-html.dreamguystech.com/cosmetics/assets/img/doctors/doctor-07.jpg]
[doccure-html.dreamguystech.com/cosmetics/assets/img/doctors/doctor-08.jpg]
[doccure-html.dreamguystech.com/cosmetics/assets/img/doctors/doctor-09.jpg]
[doccure-html.dreamguystech.com/cosmetics/assets/img/doctors/doctor-10.jpg]
[doccure-html.dreamguystech.com/cosmetics/assets/img/doctors/doctor-11.jpg]
[doccure-html.dreamguystech.com/cosmetics/assets/img/doctors/doctor-12.jpg]
[doccure-html.dreamguystech.com/cosmetics/assets/js/map.js]
[doccure-html.dreamguystech.com/cosmetics/map-grid.html]
[doccure-html.dreamguystech.com/cosmetics/assets/plugins/fancybox/jquery.fancybox.min.css]
[doccure-html.dreamguystech.com/cosmetics/assets/img/specialities/specialities-05.png]
[doccure-html.dreamguystech.com/cosmetics/assets/img/features/feature-03.jpg]
[doccure-html.dreamguystech.com/cosmetics/assets/img/features/feature-04.jpg]
[doccure-html.dreamguystech.com/cosmetics/map-list.html]
[doccure-html.dreamguystech.com/cosmetics/assets/plugins/fancybox/jquery.fancybox.min.js]
[doccure-html.dreamguystech.com/cosmetics/search.html]
[doccure-html.dreamguystech.com/cosmetics/doctor-profile.html]
[doccure-html.dreamguystech.com/cosmetics/assets/plugins/daterangepicker/daterangepicker.css]
[doccure-html.dreamguystech.com/cosmetics/booking.html]
[doccure-html.dreamguystech.com/cosmetics/checkout.html]
[doccure-html.dreamguystech.com/cosmetics/booking-success.html]
[doccure-html.dreamguystech.com/cosmetics/patient-dashboard.html]
[doccure-html.dreamguystech.com/cosmetics/favourites.html]
[doccure-html.dreamguystech.com/cosmetics/chat.html]
[doccure-html.dreamguystech.com/cosmetics/profile-settings.html]
[doccure-html.dreamguystech.com/cosmetics/change-password.html]
[doccure-html.dreamguystech.com/cosmetics/voice-call.html]
[doccure-html.dreamguystech.com/cosmetics/assets/plugins/daterangepicker/daterangepicker.js]
[doccure-html.dreamguystech.com/cosmetics/assets/img/video-call.jpg]
[doccure-html.dreamguystech.com/cosmetics/video-call.html]
[doccure-html.dreamguystech.com/cosmetics/assets/plugins/fullcalendar/fullcalendar.min.css]
[doccure-html.dreamguystech.com/cosmetics/assets/plugins/jquery-ui/jquery-ui.min.js]
[doccure-html.dreamguystech.com/cosmetics/assets/plugins/fullcalendar/fullcalendar.min.js]
[doccure-html.dreamguystech.com/cosmetics/calendar.html]
[doccure-html.dreamguystech.com/cosmetics/assets/plugins/fullcalendar/jquery.fullcalendar.js]
[doccure-html.dreamguystech.com/cosmetics/assets/img/img-01.jpg]
[doccure-html.dreamguystech.com/cosmetics/components.html]
[doccure-html.dreamguystech.com/cosmetics/invoice-view.html]
[doccure-html.dreamguystech.com/cosmetics/blank-page.html]
[doccure-html.dreamguystech.com/cosmetics/login.html]
[doccure-html.dreamguystech.com/cosmetics/register.html]
[doccure-html.dreamguystech.com/cosmetics/forgot-password.html]
[doccure-html.dreamguystech.com/cosmetics/assets/img/blog/blog-01.jpg]
[doccure-html.dreamguystech.com/cosmetics/assets/img/blog/blog-02.jpg]
[doccure-html.dreamguystech.com/cosmetics/assets/img/blog/blog-thumb-01.jpg]
[doccure-html.dreamguystech.com/cosmetics/assets/img/blog/blog-thumb-02.jpg]
[doccure-html.dreamguystech.com/cosmetics/assets/img/blog/blog-thumb-03.jpg]
[doccure-html.dreamguystech.com/cosmetics/assets/img/blog/blog-thumb-04.jpg]
[doccure-html.dreamguystech.com/cosmetics/assets/img/blog/blog-thumb-05.jpg]
[doccure-html.dreamguystech.com/cosmetics/blog-list.html]
[doccure-html.dreamguystech.com/cosmetics/assets/img/blog/blog-03.jpg]
[doccure-html.dreamguystech.com/cosmetics/assets/img/blog/blog-04.jpg]
[doccure-html.dreamguystech.com/cosmetics/assets/img/blog/blog-05.jpg]
[doccure-html.dreamguystech.com/cosmetics/assets/img/blog/blog-06.jpg]
[doccure-html.dreamguystech.com/cosmetics/assets/img/blog/blog-07.jpg]
[doccure-html.dreamguystech.com/cosmetics/assets/img/blog/blog-08.jpg]
[doccure-html.dreamguystech.com/cosmetics/assets/img/blog/blog-09.jpg]
[doccure-html.dreamguystech.com/cosmetics/assets/img/blog/blog-10.jpg]
[doccure-html.dreamguystech.com/cosmetics/blog-grid.html]
[doccure-html.dreamguystech.com/cosmetics/blog-details.html]
[doccure-html.dreamguystech.com/cosmetics/admin/assets/img/favicon.png]
[doccure-html.dreamguystech.com/cosmetics/admin/assets/css/bootstrap.min.css]
[doccure-html.dreamguystech.com/cosmetics/admin/assets/css/font-awesome.min.css]
[doccure-html.dreamguystech.com/cosmetics/admin/assets/css/feathericon.min.css]
[doccure-html.dreamguystech.com/cosmetics/admin/assets/plugins/morris/morris.css]
[doccure-html.dreamguystech.com/cosmetics/admin/assets/css/style.css]
[doccure-html.dreamguystech.com/cosmetics/admin/assets/img/logo.png]
[doccure-html.dreamguystech.com/cosmetics/admin/assets/img/logo-small.png]
[doccure-html.dreamguystech.com/cosmetics/admin/assets/img/doctors/doctor-thumb-01.jpg]
[doccure-html.dreamguystech.com/cosmetics/admin/assets/img/patients/patient1.jpg]
[doccure-html.dreamguystech.com/cosmetics/admin/assets/img/patients/patient2.jpg]
[doccure-html.dreamguystech.com/cosmetics/admin/assets/img/patients/patient3.jpg]
[doccure-html.dreamguystech.com/cosmetics/admin/assets/img/profiles/avatar-01.jpg]
[doccure-html.dreamguystech.com/cosmetics/admin/profile.html]
[doccure-html.dreamguystech.com/cosmetics/admin/settings.html]
[doccure-html.dreamguystech.com/cosmetics/admin/login.html]
[doccure-html.dreamguystech.com/cosmetics/admin/appointment-list.html]
[doccure-html.dreamguystech.com/cosmetics/admin/specialities.html]
[doccure-html.dreamguystech.com/cosmetics/admin/doctor-list.html]
[doccure-html.dreamguystech.com/cosmetics/admin/patient-list.html]
[doccure-html.dreamguystech.com/cosmetics/admin/reviews.html]
[doccure-html.dreamguystech.com/cosmetics/admin/transactions-list.html]
[doccure-html.dreamguystech.com/cosmetics/admin/invoice-report.html]
[doccure-html.dreamguystech.com/cosmetics/admin/register.html]
[doccure-html.dreamguystech.com/cosmetics/admin/forgot-password.html]
[doccure-html.dreamguystech.com/cosmetics/admin/lock-screen.html]
[doccure-html.dreamguystech.com/cosmetics/admin/error-404.html]
[doccure-html.dreamguystech.com/cosmetics/admin/error-500.html]
[doccure-html.dreamguystech.com/cosmetics/admin/blank-page.html]
[doccure-html.dreamguystech.com/cosmetics/admin/components.html]
[doccure-html.dreamguystech.com/cosmetics/admin/form-basic-inputs.html]
[doccure-html.dreamguystech.com/cosmetics/admin/form-input-groups.html]
[doccure-html.dreamguystech.com/cosmetics/admin/form-horizontal.html]
[doccure-html.dreamguystech.com/cosmetics/admin/form-vertical.html]
[doccure-html.dreamguystech.com/cosmetics/admin/form-mask.html]
[doccure-html.dreamguystech.com/cosmetics/admin/form-validation.html]
[doccure-html.dreamguystech.com/cosmetics/admin/tables-basic.html]
[doccure-html.dreamguystech.com/cosmetics/admin/data-tables.html]
[doccure-html.dreamguystech.com/cosmetics/admin/assets/img/doctors/doctor-thumb-02.jpg]
[doccure-html.dreamguystech.com/cosmetics/admin/assets/img/doctors/doctor-thumb-03.jpg]
[doccure-html.dreamguystech.com/cosmetics/admin/assets/img/doctors/doctor-thumb-04.jpg]
[doccure-html.dreamguystech.com/cosmetics/admin/assets/img/doctors/doctor-thumb-05.jpg]
[doccure-html.dreamguystech.com/cosmetics/admin/assets/img/patients/patient4.jpg]
[doccure-html.dreamguystech.com/cosmetics/admin/assets/img/patients/patient5.jpg]
[doccure-html.dreamguystech.com/cosmetics/admin/assets/js/jquery-3.2.1.min.js]
[doccure-html.dreamguystech.com/cosmetics/admin/assets/js/popper.min.js]
[doccure-html.dreamguystech.com/cosmetics/admin/assets/js/bootstrap.min.js]
[doccure-html.dreamguystech.com/cosmetics/admin/assets/plugins/slimscroll/jquery.slimscroll.min.js]
[doccure-html.dreamguystech.com/cosmetics/admin/assets/plugins/raphael/raphael.min.js]
[doccure-html.dreamguystech.com/cosmetics/admin/assets/plugins/morris/morris.min.js]
[doccure-html.dreamguystech.com/cosmetics/admin/assets/js/chart.morris.js]
[doccure-html.dreamguystech.com/cosmetics/admin/assets/js/script.js]
[doccure-html.dreamguystech.com/cosmetics/admin/index.html]
[doccure-html.dreamguystech.com/cosmetics/blog.html]
[doccure-html.dreamguystech.com/cosmetics/payment.html]
[doccure-html.dreamguystech.com/cosmetics/privacy-policy.html]
[doccure-html.dreamguystech.com/cosmetics/term-condition.html]
[doccure-html.dreamguystech.com/cosmetics/assets/plugins/fontawesome/webfonts/fa-brands-400.html]
[doccure-html.dreamguystech.com/cosmetics/assets/plugins/fontawesome/webfonts/fa-brands-400.svg]
[doccure-html.dreamguystech.com/cosmetics/assets/plugins/fontawesome/webfonts/fa-regular-400.html]
[doccure-html.dreamguystech.com/cosmetics/assets/plugins/fontawesome/webfonts/fa-regular-400.svg]
[doccure-html.dreamguystech.com/cosmetics/assets/plugins/fontawesome/webfonts/fa-solid-900.html]
[doccure-html.dreamguystech.com/cosmetics/assets/plugins/fontawesome/webfonts/fa-solid-900.svg]
[doccure-html.dreamguystech.com/cosmetics/assets/fonts/MaterialIcons-Regular.html]
[doccure-html.dreamguystech.com/cosmetics/social-media.html]
[doccure-html.dreamguystech.com/cosmetics/doctor-change-password.html]
[doccure-html.dreamguystech.com/cosmetics/assets/plugins/select2/css/select2.min.css]
[doccure-html.dreamguystech.com/cosmetics/assets/css/bootstrap-datetimepicker.min.css]
[doccure-html.dreamguystech.com/cosmetics/edit-prescription.html]
[doccure-html.dreamguystech.com/cosmetics/add-prescription.html]
[doccure-html.dreamguystech.com/cosmetics/add-billing.html]
[doccure-html.dreamguystech.com/cosmetics/edit-billing.html]
[doccure-html.dreamguystech.com/cosmetics/assets/plugins/bootstrap-tagsinput/css/bootstrap-tagsinput.css]
[doccure-html.dreamguystech.com/cosmetics/assets/plugins/dropzone/dropzone.min.css]
[doccure-html.dreamguystech.com/cosmetics/assets/plugins/fancybox/jquery.fancybox.min.css]
[doccure-html.dreamguystech.com/cosmetics/assets/plugins/daterangepicker/daterangepicker.css]
[doccure-html.dreamguystech.com/cosmetics/assets/plugins/fullcalendar/fullcalendar.min.css]
[doccure-html.dreamguystech.com/cosmetics/admin/assets/css/bootstrap.min.css]
[doccure-html.dreamguystech.com/cosmetics/admin/assets/fonts/fontawesome-webfont3e6e.eot]
[doccure-html.dreamguystech.com/cosmetics/admin/assets/fonts/fontawesome-webfontd41d.eot]
[doccure-html.dreamguystech.com/cosmetics/admin/assets/fonts/fontawesome-webfont3e6e.woff]
[doccure-html.dreamguystech.com/cosmetics/admin/assets/fonts/fontawesome-webfont3e6e.ttf]
[doccure-html.dreamguystech.com/cosmetics/admin/assets/css/font-awesome.min.css]
[doccure-html.dreamguystech.com/cosmetics/admin/assets/fonts/fontawesome-webfont3e6e.svg]
[doccure-html.dreamguystech.com/cosmetics/admin/assets/fonts/feathericon.eot]
[doccure-html.dreamguystech.com/cosmetics/admin/assets/fonts/feathericond41d.eot]
[doccure-html.dreamguystech.com/cosmetics/admin/assets/fonts/feathericon.woff]
[doccure-html.dreamguystech.com/cosmetics/admin/assets/fonts/feathericon.ttf]
[doccure-html.dreamguystech.com/cosmetics/admin/assets/css/feathericon.min.css]
[doccure-html.dreamguystech.com/cosmetics/admin/assets/plugins/morris/morris.css]
[doccure-html.dreamguystech.com/cosmetics/admin/assets/fonts/feathericon.svg]
[doccure-html.dreamguystech.com/cosmetics/admin/assets/fonts/MaterialIcons-Regular.eot]
[doccure-html.dreamguystech.com/cosmetics/admin/assets/fonts/MaterialIcons-Regular.woff]
[doccure-html.dreamguystech.com/cosmetics/admin/assets/css/style.css]
[doccure-html.dreamguystech.com/cosmetics/admin/profile.html]
[doccure-html.dreamguystech.com/cosmetics/admin/settings.html]
[doccure-html.dreamguystech.com/cosmetics/admin/assets/fonts/MaterialIcons-Regular.ttf]
[doccure-html.dreamguystech.com/cosmetics/admin/assets/img/logo-white.png]
[doccure-html.dreamguystech.com/cosmetics/admin/login.html]
[doccure-html.dreamguystech.com/cosmetics/admin/assets/plugins/datatables/datatables.min.css]
[doccure-html.dreamguystech.com/cosmetics/admin/assets/img/doctors/doctor-thumb-06.jpg]
[doccure-html.dreamguystech.com/cosmetics/admin/assets/img/patients/patient6.jpg]
[doccure-html.dreamguystech.com/cosmetics/admin/assets/img/doctors/doctor-thumb-07.jpg]
[doccure-html.dreamguystech.com/cosmetics/admin/assets/img/patients/patient7.jpg]
[doccure-html.dreamguystech.com/cosmetics/admin/assets/img/doctors/doctor-thumb-08.jpg]
[doccure-html.dreamguystech.com/cosmetics/admin/assets/img/patients/patient8.jpg]
[doccure-html.dreamguystech.com/cosmetics/admin/assets/img/doctors/doctor-thumb-09.jpg]
[doccure-html.dreamguystech.com/cosmetics/admin/assets/img/patients/patient9.jpg]
[doccure-html.dreamguystech.com/cosmetics/admin/assets/img/doctors/doctor-thumb-10.jpg]
[doccure-html.dreamguystech.com/cosmetics/admin/assets/img/patients/patient10.jpg]
[doccure-html.dreamguystech.com/cosmetics/admin/assets/plugins/datatables/jquery.dataTables.min.js]
[doccure-html.dreamguystech.com/cosmetics/admin/appointment-list.html]
[doccure-html.dreamguystech.com/cosmetics/admin/assets/plugins/datatables/datatables.min.js]
[doccure-html.dreamguystech.com/cosmetics/admin/assets/img/specialities/specialities-01.png]
[doccure-html.dreamguystech.com/cosmetics/admin/assets/img/specialities/specialities-02.png]
[doccure-html.dreamguystech.com/cosmetics/admin/assets/img/specialities/specialities-03.png]
[doccure-html.dreamguystech.com/cosmetics/admin/assets/img/specialities/specialities-04.png]
[doccure-html.dreamguystech.com/cosmetics/admin/specialities.html]
[doccure-html.dreamguystech.com/cosmetics/admin/doctor-list.html]
[doccure-html.dreamguystech.com/cosmetics/admin/assets/img/patients/patient11.jpg]
[doccure-html.dreamguystech.com/cosmetics/admin/assets/img/patients/patient12.jpg]
[doccure-html.dreamguystech.com/cosmetics/admin/assets/img/patients/patient13.jpg]
[doccure-html.dreamguystech.com/cosmetics/admin/assets/img/patients/patient14.jpg]
[doccure-html.dreamguystech.com/cosmetics/admin/assets/img/patients/patient15.jpg]
[doccure-html.dreamguystech.com/cosmetics/admin/patient-list.html]
[doccure-html.dreamguystech.com/cosmetics/admin/reviews.html]
[doccure-html.dreamguystech.com/cosmetics/admin/transactions-list.html]
[doccure-html.dreamguystech.com/cosmetics/admin/invoice-report.html]
[doccure-html.dreamguystech.com/cosmetics/admin/register.html]
[doccure-html.dreamguystech.com/cosmetics/admin/forgot-password.html]
[doccure-html.dreamguystech.com/cosmetics/admin/invoice.html]
[doccure-html.dreamguystech.com/cosmetics/admin/assets/img/profiles/avatar-02.jpg]
[doccure-html.dreamguystech.com/cosmetics/admin/lock-screen.html]
[doccure-html.dreamguystech.com/cosmetics/admin/error-404.html]
[doccure-html.dreamguystech.com/cosmetics/admin/error-500.html]
[doccure-html.dreamguystech.com/cosmetics/admin/blank-page.html]
[doccure-html.dreamguystech.com/cosmetics/admin/assets/img/profiles/avatar-03.jpg]
[doccure-html.dreamguystech.com/cosmetics/admin/assets/img/profiles/avatar-04.jpg]
[doccure-html.dreamguystech.com/cosmetics/admin/assets/img/img-01.jpg]
[doccure-html.dreamguystech.com/cosmetics/admin/components.html]
[doccure-html.dreamguystech.com/cosmetics/admin/form-basic-inputs.html]
[doccure-html.dreamguystech.com/cosmetics/admin/form-input-groups.html]
[doccure-html.dreamguystech.com/cosmetics/admin/assets/css/select2.min.css]
[doccure-html.dreamguystech.com/cosmetics/admin/form-horizontal.html]
[doccure-html.dreamguystech.com/cosmetics/admin/form-vertical.html]
[doccure-html.dreamguystech.com/cosmetics/admin/assets/js/select2.min.js]
[doccure-html.dreamguystech.com/cosmetics/admin/assets/js/jquery.maskedinput.min.js]
[doccure-html.dreamguystech.com/cosmetics/admin/assets/js/mask.js]
[doccure-html.dreamguystech.com/cosmetics/admin/form-mask.html]
[doccure-html.dreamguystech.com/cosmetics/admin/assets/js/form-validation.js]
[doccure-html.dreamguystech.com/cosmetics/admin/form-validation.html]
[doccure-html.dreamguystech.com/cosmetics/admin/tables-basic.html]
[doccure-html.dreamguystech.com/cosmetics/admin/data-tables.html]
[doccure-html.dreamguystech.com/cosmetics/admin/assets/fonts/fontawesome-webfont3e6e.html]
[doccure-html.dreamguystech.com/cosmetics/admin/assets/fonts/fontawesome-webfont3e6e.svg]
[doccure-html.dreamguystech.com/cosmetics/admin/assets/fonts/feathericon.svg]
[doccure-html.dreamguystech.com/cosmetics/admin/assets/fonts/MaterialIcons-Regular.html]
[doccure-html.dreamguystech.com/cosmetics/admin/assets/plugins/datatables/datatables.min.css]
[doccure-html.dreamguystech.com/cosmetics/admin/invoice.html]
[doccure-html.dreamguystech.com/cosmetics/admin/assets/css/select2.min.css]
